Will only load v91 databases
Species 'saccharomyces_cerevisiae' loaded from database 'saccharomyces_cerevisiae_core_91_4'
Species 'felis_catus' loaded from database 'felis_catus_core_91_8'
Species 'mus_musculus_nzohlltj' loaded from database 'mus_musculus_nzohlltj_core_91_1'
Species 'sarcophilus_harrisii' loaded from database 'sarcophilus_harrisii_core_91_7'
Species 'procavia_capensis' loaded from database 'procavia_capensis_core_91_1'
Species 'mus_musculus_akrj' loaded from database 'mus_musculus_akrj_core_91_1'
Species 'mus_musculus' loaded from database 'mus_musculus_core_91_38'
Species 'oryzias_latipes' loaded from database 'oryzias_latipes_core_91_1'
Species 'echinops_telfairi' loaded from database 'echinops_telfairi_core_91_1'
Species 'papio_anubis' loaded from database 'papio_anubis_core_91_3'
Species 'oryctolagus_cuniculus' loaded from database 'oryctolagus_cuniculus_core_91_2'
Species 'cricetulus_griseus_crigri' loaded from database 'cricetulus_griseus_crigri_core_91_1'
Species 'colobus_angolensis_palliatus' loaded from database 'colobus_angolensis_palliatus_core_91_1'
Species 'xenopus_tropicalis' loaded from database 'xenopus_tropicalis_core_91_42'
Species 'petromyzon_marinus' loaded from database 'petromyzon_marinus_core_91_7'
Species 'mus_musculus_129s1svimj' loaded from database 'mus_musculus_129s1svimj_core_91_1'
Species 'mus_musculus_c3hhej' loaded from database 'mus_musculus_c3hhej_core_91_1'
Species 'mus_musculus_pwkphj' loaded from database 'mus_musculus_pwkphj_core_91_1'
Species 'mandrillus_leucophaeus' loaded from database 'mandrillus_leucophaeus_core_91_1'
Species 'mus_musculus_wsbeij' loaded from database 'mus_musculus_wsbeij_core_91_1'
Species 'dipodomys_ordii' loaded from database 'dipodomys_ordii_core_91_2'
Species 'pan_paniscus' loaded from database 'pan_paniscus_core_91_1'
Species 'microtus_ochrogaster' loaded from database 'microtus_ochrogaster_core_91_10'
Species 'propithecus_coquereli' loaded from database 'propithecus_coquereli_core_91_1'
Species 'tupaia_belangeri' loaded from database 'tupaia_belangeri_core_91_1'
Species 'mus_musculus_aj' loaded from database 'mus_musculus_aj_core_91_1'
Species 'rhinopithecus_bieti' loaded from database 'rhinopithecus_bieti_core_91_1'
Species 'mus_musculus_lpj' loaded from database 'mus_musculus_lpj_core_91_1'
Species 'macaca_mulatta' loaded from database 'macaca_mulatta_core_91_801'
Species 'monodelphis_domestica' loaded from database 'monodelphis_domestica_core_91_5'
Species 'fukomys_damarensis' loaded from database 'fukomys_damarensis_core_91_1'
Species 'otolemur_garnettii' loaded from database 'otolemur_garnettii_core_91_3'
Species 'cercocebus_atys' loaded from database 'cercocebus_atys_core_91_1'
Species 'mus_musculus_dba2j' loaded from database 'mus_musculus_dba2j_core_91_1'
Species 'mus_musculus_balbcj' loaded from database 'mus_musculus_balbcj_core_91_1'
Species 'mustela_putorius_furo' loaded from database 'mustela_putorius_furo_core_91_1'
Species 'mus_musculus_fvbnj' loaded from database 'mus_musculus_fvbnj_core_91_1'
Species 'myotis_lucifugus' loaded from database 'myotis_lucifugus_core_91_2'
Species 'ciona_intestinalis' loaded from database 'ciona_intestinalis_core_91_3'
Species 'anolis_carolinensis' loaded from database 'anolis_carolinensis_core_91_2'
Species 'heterocephalus_glaber_male' loaded from database 'heterocephalus_glaber_male_core_91_1'
Species 'gallus_gallus' loaded from database 'gallus_gallus_core_91_5'
Species 'drosophila_melanogaster' loaded from database 'drosophila_melanogaster_core_91_6'
Species 'notamacropus_eugenii' loaded from database 'notamacropus_eugenii_core_91_1'
Species 'ictidomys_tridecemlineatus' loaded from database 'ictidomys_tridecemlineatus_core_91_3'
Species 'tetraodon_nigroviridis' loaded from database 'tetraodon_nigroviridis_core_91_8'
Species 'ovis_aries' loaded from database 'ovis_aries_core_91_31'
Species 'gadus_morhua' loaded from database 'gadus_morhua_core_91_1'
Species 'taeniopygia_guttata' loaded from database 'taeniopygia_guttata_core_91_1'
Species 'dasypus_novemcinctus' loaded from database 'dasypus_novemcinctus_core_91_3'
Species 'danio_rerio' loaded from database 'danio_rerio_core_91_10'
Species 'carlito_syrichta' loaded from database 'carlito_syrichta_core_91_2'
Species 'mesocricetus_auratus' loaded from database 'mesocricetus_auratus_core_91_10'
Species 'chinchilla_lanigera' loaded from database 'chinchilla_lanigera_core_91_1'
Species 'callithrix_jacchus' loaded from database 'callithrix_jacchus_core_91_321'
Species 'aotus_nancymaae' loaded from database 'aotus_nancymaae_core_91_1'
Species 'saimiri_boliviensis_boliviensis' loaded from database 'saimiri_boliviensis_boliviensis_core_91_1'
Species 'ailuropoda_melanoleuca' loaded from database 'ailuropoda_melanoleuca_core_91_1'
Species 'ornithorhynchus_anatinus' loaded from database 'ornithorhynchus_anatinus_core_91_1'
Species 'vicugna_pacos' loaded from database 'vicugna_pacos_core_91_1'
Species 'mus_musculus_casteij' loaded from database 'mus_musculus_casteij_core_91_1'
Species 'microcebus_murinus' loaded from database 'microcebus_murinus_core_91_3'
Species 'jaculus_jaculus' loaded from database 'jaculus_jaculus_core_91_10'
Species 'nomascus_leucogenys' loaded from database 'nomascus_leucogenys_core_91_3'
Species 'gorilla_gorilla' loaded from database 'gorilla_gorilla_core_91_4'
Species 'macaca_nemestrina' loaded from database 'macaca_nemestrina_core_91_1'
Species 'chlorocebus_sabaeus' loaded from database 'chlorocebus_sabaeus_core_91_1'
Species 'macaca_fascicularis' loaded from database 'macaca_fascicularis_core_91_5'
Species 'mus_musculus_c57bl6nj' loaded from database 'mus_musculus_c57bl6nj_core_91_1'
Species 'sorex_araneus' loaded from database 'sorex_araneus_core_91_1'
Species 'anas_platyrhynchos' loaded from database 'anas_platyrhynchos_core_91_1'
Species 'meleagris_gallopavo' loaded from database 'meleagris_gallopavo_core_91_21'
Species 'peromyscus_maniculatus_bairdii' loaded from database 'peromyscus_maniculatus_bairdii_core_91_10'
Species 'equus_caballus' loaded from database 'equus_caballus_core_91_2'
Species 'astyanax_mexicanus' loaded from database 'astyanax_mexicanus_core_91_102'
Species 'loxodonta_africana' loaded from database 'loxodonta_africana_core_91_3'
Species 'caenorhabditis_elegans' loaded from database 'caenorhabditis_elegans_core_91_260'
Species 'mus_spretus_spreteij' loaded from database 'mus_spretus_spreteij_core_91_1'
Species 'erinaceus_europaeus' loaded from database 'erinaceus_europaeus_core_91_1'
Species 'ochotona_princeps' loaded from database 'ochotona_princeps_core_91_1'
Species 'takifugu_rubripes' loaded from database 'takifugu_rubripes_core_91_4'
Species 'poecilia_formosa' loaded from database 'poecilia_formosa_core_91_512'
Species 'mus_musculus_cbaj' loaded from database 'mus_musculus_cbaj_core_91_1'
Species 'octodon_degus' loaded from database 'octodon_degus_core_91_1'
Species 'ficedula_albicollis' loaded from database 'ficedula_albicollis_core_91_1'
Species 'latimeria_chalumnae' loaded from database 'latimeria_chalumnae_core_91_1'
Species 'ciona_savignyi' loaded from database 'ciona_savignyi_core_91_2'
Species 'oreochromis_niloticus' loaded from database 'oreochromis_niloticus_core_91_1'
Species 'gasterosteus_aculeatus' loaded from database 'gasterosteus_aculeatus_core_91_1'
Species 'rhinopithecus_roxellana' loaded from database 'rhinopithecus_roxellana_core_91_1'
Species 'lepisosteus_oculatus' loaded from database 'lepisosteus_oculatus_core_91_1'
Species 'tursiops_truncatus' loaded from database 'tursiops_truncatus_core_91_1'
Species 'nannospalax_galili' loaded from database 'nannospalax_galili_core_91_10'
Species 'mus_pahari' loaded from database 'mus_pahari_core_91_11'
Species 'cavia_aperea' loaded from database 'cavia_aperea_core_91_10'
Species 'cavia_porcellus' loaded from database 'cavia_porcellus_core_91_4'
Species 'sus_scrofa' loaded from database 'sus_scrofa_core_91_111'
Species 'pongo_abelii' loaded from database 'pongo_abelii_core_91_1'
Species 'mus_musculus_nodshiltj' loaded from database 'mus_musculus_nodshiltj_core_91_1'
Species 'homo_sapiens' loaded from database 'homo_sapiens_core_91_38'
Species 'rattus_norvegicus' loaded from database 'rattus_norvegicus_core_91_6'
Species 'cebus_capucinus' loaded from database 'cebus_capucinus_core_91_1'
Species 'pteropus_vampyrus' loaded from database 'pteropus_vampyrus_core_91_1'
Species 'pan_troglodytes' loaded from database 'pan_troglodytes_core_91_3'
Species 'bos_taurus' loaded from database 'bos_taurus_core_91_31'
Species 'choloepus_hoffmanni' loaded from database 'choloepus_hoffmanni_core_91_1'
Species 'canis_familiaris' loaded from database 'canis_familiaris_core_91_31'
Species 'pelodiscus_sinensis' loaded from database 'pelodiscus_sinensis_core_91_1'
Species 'mus_caroli' loaded from database 'mus_caroli_core_91_11'
Species 'xiphophorus_maculatus' loaded from database 'xiphophorus_maculatus_core_91_1'
Species 'cricetulus_griseus_chok1gshd' loaded from database 'cricetulus_griseus_chok1gshd_core_91_1'
Species 'heterocephalus_glaber_female' loaded from database 'heterocephalus_glaber_female_core_91_1'
Species 'homo_sapiens' loaded from database 'homo_sapiens_cdna_91_38'
Species 'mus_musculus' loaded from database 'mus_musculus_cdna_91_38'
Species 'peromyscus_maniculatus_bairdii' loaded from database 'peromyscus_maniculatus_bairdii_otherfeatures_91_10'
Species 'astyanax_mexicanus' loaded from database 'astyanax_mexicanus_otherfeatures_91_102'
Species 'ornithorhynchus_anatinus' loaded from database 'ornithorhynchus_anatinus_otherfeatures_91_1'
Species 'sus_scrofa' loaded from database 'sus_scrofa_otherfeatures_91_111'
Species 'gorilla_gorilla' loaded from database 'gorilla_gorilla_otherfeatures_91_4'
Species 'cavia_porcellus' loaded from database 'cavia_porcellus_otherfeatures_91_4'
Species 'heterocephalus_glaber_male' loaded from database 'heterocephalus_glaber_male_otherfeatures_91_1'
Species 'rhinopithecus_roxellana' loaded from database 'rhinopithecus_roxellana_otherfeatures_91_1'
Species 'takifugu_rubripes' loaded from database 'takifugu_rubripes_otherfeatures_91_4'
Species 'colobus_angolensis_palliatus' loaded from database 'colobus_angolensis_palliatus_otherfeatures_91_1'
Species 'pan_paniscus' loaded from database 'pan_paniscus_otherfeatures_91_1'
Species 'ciona_intestinalis' loaded from database 'ciona_intestinalis_otherfeatures_91_3'
Species 'anas_platyrhynchos' loaded from database 'anas_platyrhynchos_otherfeatures_91_1'
Species 'nomascus_leucogenys' loaded from database 'nomascus_leucogenys_otherfeatures_91_3'
Species 'felis_catus' loaded from database 'felis_catus_otherfeatures_91_8'
Species 'mandrillus_leucophaeus' loaded from database 'mandrillus_leucophaeus_otherfeatures_91_1'
Species 'canis_familiaris' loaded from database 'canis_familiaris_otherfeatures_91_31'
Species 'myotis_lucifugus' loaded from database 'myotis_lucifugus_otherfeatures_91_2'
Species 'microcebus_murinus' loaded from database 'microcebus_murinus_otherfeatures_91_3'
Species 'oryzias_latipes' loaded from database 'oryzias_latipes_otherfeatures_91_1'
Species 'fukomys_damarensis' loaded from database 'fukomys_damarensis_otherfeatures_91_1'
Species 'gasterosteus_aculeatus' loaded from database 'gasterosteus_aculeatus_otherfeatures_91_1'
Species 'papio_anubis' loaded from database 'papio_anubis_otherfeatures_91_3'
Species 'sarcophilus_harrisii' loaded from database 'sarcophilus_harrisii_otherfeatures_91_7'
Species 'nannospalax_galili' loaded from database 'nannospalax_galili_otherfeatures_91_10'
Species 'otolemur_garnettii' loaded from database 'otolemur_garnettii_otherfeatures_91_3'
Species 'drosophila_melanogaster' loaded from database 'drosophila_melanogaster_otherfeatures_91_6'
Species 'macaca_nemestrina' loaded from database 'macaca_nemestrina_otherfeatures_91_1'
Species 'ficedula_albicollis' loaded from database 'ficedula_albicollis_otherfeatures_91_1'
Species 'cebus_capucinus' loaded from database 'cebus_capucinus_otherfeatures_91_1'
Species 'danio_rerio' loaded from database 'danio_rerio_otherfeatures_91_10'
Species 'taeniopygia_guttata' loaded from database 'taeniopygia_guttata_otherfeatures_91_1'
Species 'chlorocebus_sabaeus' loaded from database 'chlorocebus_sabaeus_otherfeatures_91_1'
Species 'oryctolagus_cuniculus' loaded from database 'oryctolagus_cuniculus_otherfeatures_91_2'
Species 'ovis_aries' loaded from database 'ovis_aries_otherfeatures_91_31'
Species 'carlito_syrichta' loaded from database 'carlito_syrichta_otherfeatures_91_2'
Species 'tetraodon_nigroviridis' loaded from database 'tetraodon_nigroviridis_otherfeatures_91_8'
Species 'chinchilla_lanigera' loaded from database 'chinchilla_lanigera_otherfeatures_91_1'
Species 'xenopus_tropicalis' loaded from database 'xenopus_tropicalis_otherfeatures_91_42'
Species 'ailuropoda_melanoleuca' loaded from database 'ailuropoda_melanoleuca_otherfeatures_91_1'
Species 'mustela_putorius_furo' loaded from database 'mustela_putorius_furo_otherfeatures_91_1'
Species 'cricetulus_griseus_crigri' loaded from database 'cricetulus_griseus_crigri_otherfeatures_91_1'
Species 'dipodomys_ordii' loaded from database 'dipodomys_ordii_otherfeatures_91_2'
Species 'petromyzon_marinus' loaded from database 'petromyzon_marinus_otherfeatures_91_7'
Species 'macaca_mulatta' loaded from database 'macaca_mulatta_otherfeatures_91_801'
Species 'bos_taurus' loaded from database 'bos_taurus_otherfeatures_91_31'
Species 'homo_sapiens' loaded from database 'homo_sapiens_otherfeatures_91_38'
Species 'jaculus_jaculus' loaded from database 'jaculus_jaculus_otherfeatures_91_10'
Species 'mus_musculus' loaded from database 'mus_musculus_otherfeatures_91_38'
Species 'saimiri_boliviensis_boliviensis' loaded from database 'saimiri_boliviensis_boliviensis_otherfeatures_91_1'
Species 'ictidomys_tridecemlineatus' loaded from database 'ictidomys_tridecemlineatus_otherfeatures_91_3'
Species 'cricetulus_griseus_chok1gshd' loaded from database 'cricetulus_griseus_chok1gshd_otherfeatures_91_1'
Species 'rhinopithecus_bieti' loaded from database 'rhinopithecus_bieti_otherfeatures_91_1'
Species 'heterocephalus_glaber_female' loaded from database 'heterocephalus_glaber_female_otherfeatures_91_1'
Species 'equus_caballus' loaded from database 'equus_caballus_otherfeatures_91_2'
Species 'rattus_norvegicus' loaded from database 'rattus_norvegicus_otherfeatures_91_6'
Species 'ciona_savignyi' loaded from database 'ciona_savignyi_otherfeatures_91_2'
Species 'oreochromis_niloticus' loaded from database 'oreochromis_niloticus_otherfeatures_91_1'
Species 'cercocebus_atys' loaded from database 'cercocebus_atys_otherfeatures_91_1'
Species 'poecilia_formosa' loaded from database 'poecilia_formosa_otherfeatures_91_512'
Species 'propithecus_coquereli' loaded from database 'propithecus_coquereli_otherfeatures_91_1'
Species 'pongo_abelii' loaded from database 'pongo_abelii_otherfeatures_91_1'
Species 'aotus_nancymaae' loaded from database 'aotus_nancymaae_otherfeatures_91_1'
Species 'anolis_carolinensis' loaded from database 'anolis_carolinensis_otherfeatures_91_2'
Species 'gallus_gallus' loaded from database 'gallus_gallus_otherfeatures_91_5'
Species 'meleagris_gallopavo' loaded from database 'meleagris_gallopavo_otherfeatures_91_21'
Species 'saccharomyces_cerevisiae' loaded from database 'saccharomyces_cerevisiae_otherfeatures_91_4'
Species 'dasypus_novemcinctus' loaded from database 'dasypus_novemcinctus_otherfeatures_91_3'
Species 'mesocricetus_auratus' loaded from database 'mesocricetus_auratus_otherfeatures_91_10'
Species 'callithrix_jacchus' loaded from database 'callithrix_jacchus_otherfeatures_91_321'
Species 'xiphophorus_maculatus' loaded from database 'xiphophorus_maculatus_otherfeatures_91_1'
Species 'pan_troglodytes' loaded from database 'pan_troglodytes_otherfeatures_91_3'
Species 'lepisosteus_oculatus' loaded from database 'lepisosteus_oculatus_otherfeatures_91_1'
Species 'microtus_ochrogaster' loaded from database 'microtus_ochrogaster_otherfeatures_91_10'
Species 'latimeria_chalumnae' loaded from database 'latimeria_chalumnae_otherfeatures_91_1'
Species 'macaca_fascicularis' loaded from database 'macaca_fascicularis_otherfeatures_91_5'
Species 'pelodiscus_sinensis' loaded from database 'pelodiscus_sinensis_otherfeatures_91_1'
Species 'octodon_degus' loaded from database 'octodon_degus_otherfeatures_91_1'
Species 'sus_scrofa' loaded from database 'sus_scrofa_rnaseq_91_111'
Species 'canis_familiaris' loaded from database 'canis_familiaris_rnaseq_91_31'
Species 'anolis_carolinensis' loaded from database 'anolis_carolinensis_rnaseq_91_2'
Species 'gallus_gallus' loaded from database 'gallus_gallus_rnaseq_91_5'
Species 'fukomys_damarensis' loaded from database 'fukomys_damarensis_rnaseq_91_1'
Species 'cricetulus_griseus_crigri' loaded from database 'cricetulus_griseus_crigri_rnaseq_91_1'
Species 'rhinopithecus_roxellana' loaded from database 'rhinopithecus_roxellana_rnaseq_91_1'
Species 'cebus_capucinus' loaded from database 'cebus_capucinus_rnaseq_91_1'
Species 'ficedula_albicollis' loaded from database 'ficedula_albicollis_rnaseq_91_1'
Species 'xiphophorus_maculatus' loaded from database 'xiphophorus_maculatus_rnaseq_91_1'
Species 'oreochromis_niloticus' loaded from database 'oreochromis_niloticus_rnaseq_91_1'
Species 'macaca_fascicularis' loaded from database 'macaca_fascicularis_rnaseq_91_5'
Species 'cercocebus_atys' loaded from database 'cercocebus_atys_rnaseq_91_1'
Species 'cavia_porcellus' loaded from database 'cavia_porcellus_rnaseq_91_4'
Species 'poecilia_formosa' loaded from database 'poecilia_formosa_rnaseq_91_512'
Species 'macaca_mulatta' loaded from database 'macaca_mulatta_rnaseq_91_801'
Species 'oryctolagus_cuniculus' loaded from database 'oryctolagus_cuniculus_rnaseq_91_2'
Species 'lepisosteus_oculatus' loaded from database 'lepisosteus_oculatus_rnaseq_91_1'
Species 'homo_sapiens' loaded from database 'homo_sapiens_rnaseq_91_38'
Species 'felis_catus' loaded from database 'felis_catus_rnaseq_91_8'
Species 'rattus_norvegicus' loaded from database 'rattus_norvegicus_rnaseq_91_6'
Species 'mustela_putorius_furo' loaded from database 'mustela_putorius_furo_rnaseq_91_1'
Species 'saimiri_boliviensis_boliviensis' loaded from database 'saimiri_boliviensis_boliviensis_rnaseq_91_1'
Species 'ovis_aries' loaded from database 'ovis_aries_rnaseq_91_31'
Species 'monodelphis_domestica' loaded from database 'monodelphis_domestica_rnaseq_91_5'
Species 'mus_musculus' loaded from database 'mus_musculus_rnaseq_91_38'
Species 'gorilla_gorilla' loaded from database 'gorilla_gorilla_rnaseq_91_4'
Species 'heterocephalus_glaber_male' loaded from database 'heterocephalus_glaber_male_rnaseq_91_1'
Species 'astyanax_mexicanus' loaded from database 'astyanax_mexicanus_rnaseq_91_102'
Species 'heterocephalus_glaber_female' loaded from database 'heterocephalus_glaber_female_rnaseq_91_1'
Species 'ornithorhynchus_anatinus' loaded from database 'ornithorhynchus_anatinus_rnaseq_91_1'
Species 'microcebus_murinus' loaded from database 'microcebus_murinus_rnaseq_91_3'
Species 'pan_troglodytes' loaded from database 'pan_troglodytes_rnaseq_91_3'
Species 'pongo_abelii' loaded from database 'pongo_abelii_rnaseq_91_1'
Species 'chlorocebus_sabaeus' loaded from database 'chlorocebus_sabaeus_rnaseq_91_1'
Species 'danio_rerio' loaded from database 'danio_rerio_rnaseq_91_10'
Species 'nannospalax_galili' loaded from database 'nannospalax_galili_rnaseq_91_10'
Species 'macaca_nemestrina' loaded from database 'macaca_nemestrina_rnaseq_91_1'
Species 'papio_anubis' loaded from database 'papio_anubis_rnaseq_91_3'
Species 'pelodiscus_sinensis' loaded from database 'pelodiscus_sinensis_rnaseq_91_1'
Species 'ictidomys_tridecemlineatus' loaded from database 'ictidomys_tridecemlineatus_rnaseq_91_3'
Species 'aotus_nancymaae' loaded from database 'aotus_nancymaae_rnaseq_91_1'
Species 'rhinopithecus_bieti' loaded from database 'rhinopithecus_bieti_rnaseq_91_1'
Species 'dasypus_novemcinctus' loaded from database 'dasypus_novemcinctus_rnaseq_91_3'
Species 'chinchilla_lanigera' loaded from database 'chinchilla_lanigera_rnaseq_91_1'
Species 'pan_paniscus' loaded from database 'pan_paniscus_rnaseq_91_1'
Species 'cricetulus_griseus_chok1gshd' loaded from database 'cricetulus_griseus_chok1gshd_rnaseq_91_1'
ornithorhynchus_anatinus_variation_91_1 loaded
felis_catus_variation_91_8 loaded
bos_taurus_variation_91_31 loaded
drosophila_melanogaster_variation_91_6 loaded
sus_scrofa_variation_91_111 loaded
ovis_aries_variation_91_31 loaded
pan_troglodytes_variation_91_3 loaded
pongo_abelii_variation_91_1 loaded
danio_rerio_variation_91_10 loaded
canis_familiaris_variation_91_31 loaded
rattus_norvegicus_variation_91_6 loaded
nomascus_leucogenys_variation_91_3 loaded
equus_caballus_variation_91_2 loaded
meleagris_gallopavo_variation_91_21 loaded
mus_musculus_variation_91_38 loaded
monodelphis_domestica_variation_91_5 loaded
tetraodon_nigroviridis_variation_91_8 loaded
homo_sapiens_variation_91_38 loaded
gallus_gallus_variation_91_5 loaded
saccharomyces_cerevisiae_variation_91_4 loaded
taeniopygia_guttata_variation_91_1 loaded
macaca_mulatta_variation_91_801 loaded
mus_musculus_fvbnj_funcgen_91_1 loaded
pan_paniscus_funcgen_91_1 loaded
colobus_angolensis_palliatus_funcgen_91_1 loaded
mus_musculus_129s1svimj_funcgen_91_1 loaded
mus_musculus_nzohlltj_funcgen_91_1 loaded
mus_musculus_pwkphj_funcgen_91_1 loaded
carlito_syrichta_funcgen_91_2 loaded
homo_sapiens_funcgen_91_38 loaded
papio_anubis_funcgen_91_3 loaded
sus_scrofa_funcgen_91_111 loaded
mus_musculus_lpj_funcgen_91_1 loaded
macaca_mulatta_funcgen_91_801 loaded
mus_musculus_aj_funcgen_91_1 loaded
mus_musculus_c3hhej_funcgen_91_1 loaded
gallus_gallus_funcgen_91_5 loaded
mus_spretus_spreteij_funcgen_91_1 loaded
cavia_porcellus_funcgen_91_4 loaded
caenorhabditis_elegans_funcgen_91_260 loaded
rattus_norvegicus_funcgen_91_6 loaded
nannospalax_galili_funcgen_91_10 loaded
oryctolagus_cuniculus_funcgen_91_2 loaded
mus_musculus_casteij_funcgen_91_1 loaded
cebus_capucinus_funcgen_91_1 loaded
ornithorhynchus_anatinus_funcgen_91_1 loaded
mus_musculus_balbcj_funcgen_91_1 loaded
mandrillus_leucophaeus_funcgen_91_1 loaded
aotus_nancymaae_funcgen_91_1 loaded
ciona_intestinalis_funcgen_91_3 loaded
mus_musculus_akrj_funcgen_91_1 loaded
cricetulus_griseus_crigri_funcgen_91_1 loaded
bos_taurus_funcgen_91_31 loaded
mus_musculus_nodshiltj_funcgen_91_1 loaded
mus_musculus_dba2j_funcgen_91_1 loaded
drosophila_melanogaster_funcgen_91_6 loaded
mesocricetus_auratus_funcgen_91_10 loaded
nomascus_leucogenys_funcgen_91_3 loaded
microcebus_murinus_funcgen_91_3 loaded
propithecus_coquereli_funcgen_91_1 loaded
macaca_fascicularis_funcgen_91_5 loaded
mus_musculus_wsbeij_funcgen_91_1 loaded
saimiri_boliviensis_boliviensis_funcgen_91_1 loaded
mus_musculus_funcgen_91_38 loaded
rhinopithecus_roxellana_funcgen_91_1 loaded
saccharomyces_cerevisiae_funcgen_91_4 loaded
cercocebus_atys_funcgen_91_1 loaded
rhinopithecus_bieti_funcgen_91_1 loaded
pan_troglodytes_funcgen_91_3 loaded
canis_familiaris_funcgen_91_31 loaded
mus_musculus_c57bl6nj_funcgen_91_1 loaded
macaca_nemestrina_funcgen_91_1 loaded
danio_rerio_funcgen_91_10 loaded
cricetulus_griseus_chok1gshd_funcgen_91_1 loaded
gorilla_gorilla_funcgen_91_4 loaded
mus_musculus_cbaj_funcgen_91_1 loaded
xenopus_tropicalis_funcgen_91_42 loaded
ensembl_compara_91 loaded
ensembl_ancestral_91 loaded
ensembl_ontology_91 loaded
No taxonomy database found
No ensembl_metadata database found
No production database or adaptor found
ensembl_stable_ids_91 loaded
desc=ortholog_one2many taxonomy_level=Homininae
___homologue id=ENSG00000229314 source=ENSEMBLGENE genome=homo_sapiens
___homologue id=ENSGGOG00000038280 source=ENSEMBLGENE genome=gorilla_gorilla
desc=ortholog_one2many taxonomy_level=Homininae
___homologue id=ENSGGOG00000043992 source=ENSEMBLGENE genome=gorilla_gorilla
___homologue id=ENSG00000229314 source=ENSEMBLGENE genome=homo_sapiens
desc=ortholog_one2one taxonomy_level=Homininae
___homologue id=ENSPTRG00000042989 source=ENSEMBLGENE genome=pan_troglodytes
___homologue id=ENSG00000229314 source=ENSEMBLGENE genome=homo_sapiens
desc=ortholog_one2one taxonomy_level=Hominidae
___homologue id=ENSG00000229314 source=ENSEMBLGENE genome=homo_sapiens
___homologue id=ENSPPYG00000019531 source=ENSEMBLGENE genome=pongo_abelii
desc=ortholog_one2one taxonomy_level=Hominoidea
___homologue id=ENSG00000229314 source=ENSEMBLGENE genome=homo_sapiens
___homologue id=ENSNLEG00000016803 source=ENSEMBLGENE genome=nomascus_leucogenys
desc=ortholog_one2one taxonomy_level=Catarrhini
___homologue id=ENSRROG00000042676 source=ENSEMBLGENE genome=rhinopithecus_roxellana
___homologue id=ENSG00000229314 source=ENSEMBLGENE genome=homo_sapiens
desc=ortholog_one2one taxonomy_level=Catarrhini
___homologue id=ENSG00000229314 source=ENSEMBLGENE genome=homo_sapiens
___homologue id=ENSMLEG00000032268 source=ENSEMBLGENE genome=mandrillus_leucophaeus
desc=ortholog_one2one taxonomy_level=Catarrhini
___homologue id=ENSG00000229314 source=ENSEMBLGENE genome=homo_sapiens
___homologue id=ENSCSAG00000012930 source=ENSEMBLGENE genome=chlorocebus_sabaeus
desc=ortholog_one2one taxonomy_level=Catarrhini
___homologue id=ENSG00000229314 source=ENSEMBLGENE genome=homo_sapiens
___homologue id=ENSPANG00000025785 source=ENSEMBLGENE genome=papio_anubis
desc=ortholog_one2one taxonomy_level=Catarrhini
___homologue id=ENSG00000229314 source=ENSEMBLGENE genome=homo_sapiens
___homologue id=ENSCATG00000032060 source=ENSEMBLGENE genome=cercocebus_atys
desc=ortholog_one2one taxonomy_level=Catarrhini
___homologue id=ENSG00000229314 source=ENSEMBLGENE genome=homo_sapiens
___homologue id=ENSMMUG00000008015 source=ENSEMBLGENE genome=macaca_mulatta
desc=ortholog_one2one taxonomy_level=Catarrhini
___homologue id=ENSMNEG00000039615 source=ENSEMBLGENE genome=macaca_nemestrina
___homologue id=ENSG00000229314 source=ENSEMBLGENE genome=homo_sapiens
desc=ortholog_one2one taxonomy_level=Catarrhini
___homologue id=ENSG00000229314 source=ENSEMBLGENE genome=homo_sapiens
___homologue id=ENSCANG00000038601 source=ENSEMBLGENE genome=colobus_angolensis_palliatus
desc=ortholog_one2one taxonomy_level=Catarrhini
___homologue id=ENSG00000229314 source=ENSEMBLGENE genome=homo_sapiens
___homologue id=ENSMFAG00000038844 source=ENSEMBLGENE genome=macaca_fascicularis
desc=ortholog_one2one taxonomy_level=Catarrhini
___homologue id=ENSRBIG00000031169 source=ENSEMBLGENE genome=rhinopithecus_bieti
___homologue id=ENSG00000229314 source=ENSEMBLGENE genome=homo_sapiens
desc=within_species_paralog taxonomy_level=Catarrhini
___homologue id=ENSG00000229314 source=ENSEMBLGENE genome=homo_sapiens
___homologue id=ENSG00000228278 source=ENSEMBLGENE genome=homo_sapiens
desc=ortholog_one2many taxonomy_level=Simiiformes
___homologue id=ENSG00000229314 source=ENSEMBLGENE genome=homo_sapiens
___homologue id=ENSCJAG00000004491 source=ENSEMBLGENE genome=callithrix_jacchus
desc=ortholog_one2many taxonomy_level=Simiiformes
___homologue id=ENSSBOG00000033798 source=ENSEMBLGENE genome=saimiri_boliviensis_boliviensis
___homologue id=ENSG00000229314 source=ENSEMBLGENE genome=homo_sapiens
desc=ortholog_one2many taxonomy_level=Simiiformes
___homologue id=ENSG00000229314 source=ENSEMBLGENE genome=homo_sapiens
___homologue id=ENSCCAG00000028236 source=ENSEMBLGENE genome=cebus_capucinus
desc=ortholog_one2many taxonomy_level=Simiiformes
___homologue id=ENSG00000229314 source=ENSEMBLGENE genome=homo_sapiens
___homologue id=ENSANAG00000027913 source=ENSEMBLGENE genome=aotus_nancymaae
desc=ortholog_one2many taxonomy_level=Haplorrhini
___homologue id=ENSG00000229314 source=ENSEMBLGENE genome=homo_sapiens
___homologue id=ENSTSYG00000028933 source=ENSEMBLGENE genome=carlito_syrichta
desc=ortholog_one2many taxonomy_level=Primates
___homologue id=ENSOGAG00000010078 source=ENSEMBLGENE genome=otolemur_garnettii
___homologue id=ENSG00000229314 source=ENSEMBLGENE genome=homo_sapiens
desc=ortholog_one2many taxonomy_level=Primates
___homologue id=ENSG00000229314 source=ENSEMBLGENE genome=homo_sapiens
___homologue id=ENSMICG00000015294 source=ENSEMBLGENE genome=microcebus_murinus
desc=ortholog_one2many taxonomy_level=Primates
___homologue id=ENSG00000229314 source=ENSEMBLGENE genome=homo_sapiens
___homologue id=ENSPCOG00000022299 source=ENSEMBLGENE genome=propithecus_coquereli
desc=ortholog_many2many taxonomy_level=Euarchontoglires
___homologue id=ENSTBEG00000017480 source=ENSEMBLGENE genome=tupaia_belangeri
___homologue id=ENSG00000229314 source=ENSEMBLGENE genome=homo_sapiens
desc=ortholog_many2many taxonomy_level=Euarchontoglires
___homologue id=ENSTBEG00000017380 source=ENSEMBLGENE genome=tupaia_belangeri
___homologue id=ENSG00000229314 source=ENSEMBLGENE genome=homo_sapiens
desc=ortholog_many2many taxonomy_level=Euarchontoglires
___homologue id=ENSG00000229314 source=ENSEMBLGENE genome=homo_sapiens
___homologue id=ENSMUSG00000039196 source=ENSEMBLGENE genome=mus_musculus
desc=ortholog_one2many taxonomy_level=Euarchontoglires
___homologue id=ENSRNOG00000007886 source=ENSEMBLGENE genome=rattus_norvegicus
___homologue id=ENSG00000229314 source=ENSEMBLGENE genome=homo_sapiens
desc=ortholog_one2many taxonomy_level=Euarchontoglires
___homologue id=ENSG00000229314 source=ENSEMBLGENE genome=homo_sapiens
___homologue id=ENSOCUG00000004625 source=ENSEMBLGENE genome=oryctolagus_cuniculus
desc=ortholog_many2many taxonomy_level=Euarchontoglires
___homologue id=ENSMUSG00000061540 source=ENSEMBLGENE genome=mus_musculus
___homologue id=ENSG00000229314 source=ENSEMBLGENE genome=homo_sapiens
desc=ortholog_one2many taxonomy_level=Euarchontoglires
___homologue id=ENSFDAG00000019985 source=ENSEMBLGENE genome=fukomys_damarensis
___homologue id=ENSG00000229314 source=ENSEMBLGENE genome=homo_sapiens
desc=ortholog_many2many taxonomy_level=Euarchontoglires
___homologue id=ENSG00000229314 source=ENSEMBLGENE genome=homo_sapiens
___homologue id=MGP_PahariEiJ_G0028428 source=ENSEMBLGENE genome=mus_pahari
desc=ortholog_one2many taxonomy_level=Euarchontoglires
___homologue id=ENSG00000229314 source=ENSEMBLGENE genome=homo_sapiens
___homologue id=ENSMAUG00000004376 source=ENSEMBLGENE genome=mesocricetus_auratus
desc=ortholog_one2many taxonomy_level=Euarchontoglires
___homologue id=MGP_SPRETEiJ_G0027055 source=ENSEMBLGENE genome=mus_spretus_spreteij
___homologue id=ENSG00000229314 source=ENSEMBLGENE genome=homo_sapiens
desc=ortholog_one2many taxonomy_level=Euarchontoglires
___homologue id=ENSHGLG00000016684 source=ENSEMBLGENE genome=heterocephalus_glaber_female
___homologue id=ENSG00000229314 source=ENSEMBLGENE genome=homo_sapiens
desc=ortholog_one2many taxonomy_level=Euarchontoglires
___homologue id=ENSG00000229314 source=ENSEMBLGENE genome=homo_sapiens
___homologue id=ENSCLAG00000012792 source=ENSEMBLGENE genome=chinchilla_lanigera
desc=ortholog_one2many taxonomy_level=Euarchontoglires
___homologue id=ENSOPRG00000005699 source=ENSEMBLGENE genome=ochotona_princeps
___homologue id=ENSG00000229314 source=ENSEMBLGENE genome=homo_sapiens
desc=ortholog_one2many taxonomy_level=Euarchontoglires
___homologue id=ENSG00000229314 source=ENSEMBLGENE genome=homo_sapiens
___homologue id=ENSDORG00000008193 source=ENSEMBLGENE genome=dipodomys_ordii
desc=ortholog_one2many taxonomy_level=Euarchontoglires
___homologue id=ENSMOCG00000005513 source=ENSEMBLGENE genome=microtus_ochrogaster
___homologue id=ENSG00000229314 source=ENSEMBLGENE genome=homo_sapiens
desc=ortholog_one2many taxonomy_level=Euarchontoglires
___homologue id=ENSPEMG00000007537 source=ENSEMBLGENE genome=peromyscus_maniculatus_bairdii
___homologue id=ENSG00000229314 source=ENSEMBLGENE genome=homo_sapiens
desc=ortholog_one2many taxonomy_level=Euarchontoglires
___homologue id=ENSG00000229314 source=ENSEMBLGENE genome=homo_sapiens
___homologue id=ENSSTOG00000012755 source=ENSEMBLGENE genome=ictidomys_tridecemlineatus
desc=ortholog_many2many taxonomy_level=Euarchontoglires
___homologue id=ENSG00000229314 source=ENSEMBLGENE genome=homo_sapiens
___homologue id=MGP_PahariEiJ_G0028426 source=ENSEMBLGENE genome=mus_pahari
desc=ortholog_one2many taxonomy_level=Euarchontoglires
___homologue id=ENSCGRG00001016105 source=ENSEMBLGENE genome=cricetulus_griseus_chok1gshd
___homologue id=ENSG00000229314 source=ENSEMBLGENE genome=homo_sapiens
desc=ortholog_one2many taxonomy_level=Euarchontoglires
___homologue id=ENSG00000229314 source=ENSEMBLGENE genome=homo_sapiens
___homologue id=ENSNGAG00000015428 source=ENSEMBLGENE genome=nannospalax_galili
desc=ortholog_many2many taxonomy_level=Euarchontoglires
___homologue id=ENSG00000229314 source=ENSEMBLGENE genome=homo_sapiens
___homologue id=ENSMUSG00000028359 source=ENSEMBLGENE genome=mus_musculus
desc=ortholog_one2many taxonomy_level=Euarchontoglires
___homologue id=ENSG00000229314 source=ENSEMBLGENE genome=homo_sapiens
___homologue id=ENSJJAG00000015826 source=ENSEMBLGENE genome=jaculus_jaculus
desc=ortholog_one2many taxonomy_level=Euarchontoglires
___homologue id=ENSG00000229314 source=ENSEMBLGENE genome=homo_sapiens
___homologue id=ENSCGRG00000008651 source=ENSEMBLGENE genome=cricetulus_griseus_crigri
desc=ortholog_one2many taxonomy_level=Boreoeutheria
___homologue id=ENSMPUG00000001619 source=ENSEMBLGENE genome=mustela_putorius_furo
___homologue id=ENSG00000229314 source=ENSEMBLGENE genome=homo_sapiens
desc=ortholog_many2many taxonomy_level=Boreoeutheria
___homologue id=ENSMLUG00000029558 source=ENSEMBLGENE genome=myotis_lucifugus
___homologue id=ENSG00000229314 source=ENSEMBLGENE genome=homo_sapiens
desc=ortholog_many2many taxonomy_level=Boreoeutheria
___homologue id=ENSG00000229314 source=ENSEMBLGENE genome=homo_sapiens
___homologue id=ENSSARG00000013918 source=ENSEMBLGENE genome=sorex_araneus
desc=ortholog_many2many taxonomy_level=Boreoeutheria
___homologue id=ENSG00000229314 source=ENSEMBLGENE genome=homo_sapiens
___homologue id=ENSSARG00000005145 source=ENSEMBLGENE genome=sorex_araneus
desc=ortholog_many2many taxonomy_level=Boreoeutheria
___homologue id=ENSG00000229314 source=ENSEMBLGENE genome=homo_sapiens
___homologue id=ENSSARG00000006100 source=ENSEMBLGENE genome=sorex_araneus
desc=ortholog_one2many taxonomy_level=Boreoeutheria
___homologue id=ENSG00000229314 source=ENSEMBLGENE genome=homo_sapiens
___homologue id=ENSCAFG00000003331 source=ENSEMBLGENE genome=canis_familiaris
desc=ortholog_one2many taxonomy_level=Boreoeutheria
___homologue id=ENSFCAG00000000166 source=ENSEMBLGENE genome=felis_catus
___homologue id=ENSG00000229314 source=ENSEMBLGENE genome=homo_sapiens
desc=ortholog_many2many taxonomy_level=Boreoeutheria
___homologue id=ENSG00000229314 source=ENSEMBLGENE genome=homo_sapiens
___homologue id=ENSECAG00000006234 source=ENSEMBLGENE genome=equus_caballus
desc=ortholog_one2many taxonomy_level=Boreoeutheria
___homologue id=ENSBTAG00000017294 source=ENSEMBLGENE genome=bos_taurus
___homologue id=ENSG00000229314 source=ENSEMBLGENE genome=homo_sapiens
desc=ortholog_many2many taxonomy_level=Boreoeutheria
___homologue id=ENSG00000229314 source=ENSEMBLGENE genome=homo_sapiens
___homologue id=ENSMLUG00000028886 source=ENSEMBLGENE genome=myotis_lucifugus
desc=ortholog_many2many taxonomy_level=Boreoeutheria
___homologue id=ENSG00000229314 source=ENSEMBLGENE genome=homo_sapiens
___homologue id=ENSMLUG00000024647 source=ENSEMBLGENE genome=myotis_lucifugus
desc=ortholog_many2many taxonomy_level=Boreoeutheria
___homologue id=ENSG00000229314 source=ENSEMBLGENE genome=homo_sapiens
___homologue id=ENSSARG00000012284 source=ENSEMBLGENE genome=sorex_araneus
desc=ortholog_many2many taxonomy_level=Boreoeutheria
___homologue id=ENSSARG00000013153 source=ENSEMBLGENE genome=sorex_araneus
___homologue id=ENSG00000229314 source=ENSEMBLGENE genome=homo_sapiens
desc=ortholog_one2many taxonomy_level=Boreoeutheria
___homologue id=ENSTTRG00000005483 source=ENSEMBLGENE genome=tursiops_truncatus
___homologue id=ENSG00000229314 source=ENSEMBLGENE genome=homo_sapiens
desc=ortholog_many2many taxonomy_level=Boreoeutheria
___homologue id=ENSMLUG00000009197 source=ENSEMBLGENE genome=myotis_lucifugus
___homologue id=ENSG00000229314 source=ENSEMBLGENE genome=homo_sapiens
desc=ortholog_one2many taxonomy_level=Boreoeutheria
___homologue id=ENSPVAG00000000049 source=ENSEMBLGENE genome=pteropus_vampyrus
___homologue id=ENSG00000229314 source=ENSEMBLGENE genome=homo_sapiens
desc=ortholog_many2many taxonomy_level=Boreoeutheria
___homologue id=ENSECAG00000007625 source=ENSEMBLGENE genome=equus_caballus
___homologue id=ENSG00000229314 source=ENSEMBLGENE genome=homo_sapiens
desc=ortholog_one2many taxonomy_level=Boreoeutheria
___homologue id=ENSOARG00000006050 source=ENSEMBLGENE genome=ovis_aries
___homologue id=ENSG00000229314 source=ENSEMBLGENE genome=homo_sapiens
desc=ortholog_one2many taxonomy_level=Boreoeutheria
___homologue id=ENSSSCG00000005488 source=ENSEMBLGENE genome=sus_scrofa
___homologue id=ENSG00000229314 source=ENSEMBLGENE genome=homo_sapiens
desc=ortholog_one2many taxonomy_level=Boreoeutheria
___homologue id=ENSG00000229314 source=ENSEMBLGENE genome=homo_sapiens
___homologue id=ENSAMEG00000012556 source=ENSEMBLGENE genome=ailuropoda_melanoleuca
desc=ortholog_many2many taxonomy_level=Boreoeutheria
___homologue id=ENSG00000229314 source=ENSEMBLGENE genome=homo_sapiens
___homologue id=ENSSARG00000011862 source=ENSEMBLGENE genome=sorex_araneus
desc=ortholog_many2many taxonomy_level=Eutheria
___homologue id=ENSLAFG00000013705 source=ENSEMBLGENE genome=loxodonta_africana
___homologue id=ENSG00000229314 source=ENSEMBLGENE genome=homo_sapiens
desc=ortholog_many2many taxonomy_level=Eutheria
___homologue id=ENSG00000229314 source=ENSEMBLGENE genome=homo_sapiens
___homologue id=ENSPCAG00000000006 source=ENSEMBLGENE genome=procavia_capensis
desc=ortholog_one2many taxonomy_level=Eutheria
___homologue id=ENSG00000229314 source=ENSEMBLGENE genome=homo_sapiens
___homologue id=ENSETEG00000014783 source=ENSEMBLGENE genome=echinops_telfairi
desc=ortholog_many2many taxonomy_level=Eutheria
___homologue id=ENSG00000229314 source=ENSEMBLGENE genome=homo_sapiens
___homologue id=ENSLAFG00000000508 source=ENSEMBLGENE genome=loxodonta_africana
desc=ortholog_many2many taxonomy_level=Eutheria
___homologue id=ENSG00000229314 source=ENSEMBLGENE genome=homo_sapiens
___homologue id=ENSPCAG00000002915 source=ENSEMBLGENE genome=procavia_capensis
desc=ortholog_many2many taxonomy_level=Eutheria
___homologue id=ENSCHOG00000004169 source=ENSEMBLGENE genome=choloepus_hoffmanni
___homologue id=ENSG00000229314 source=ENSEMBLGENE genome=homo_sapiens
desc=ortholog_many2many taxonomy_level=Eutheria
___homologue id=ENSG00000229314 source=ENSEMBLGENE genome=homo_sapiens
___homologue id=ENSDNOG00000030782 source=ENSEMBLGENE genome=dasypus_novemcinctus
desc=ortholog_many2many taxonomy_level=Eutheria
___homologue id=ENSG00000229314 source=ENSEMBLGENE genome=homo_sapiens
___homologue id=ENSCHOG00000005025 source=ENSEMBLGENE genome=choloepus_hoffmanni
desc=ortholog_many2many taxonomy_level=Eutheria
___homologue id=ENSCHOG00000002092 source=ENSEMBLGENE genome=choloepus_hoffmanni
___homologue id=ENSG00000229314 source=ENSEMBLGENE genome=homo_sapiens
desc=ortholog_many2many taxonomy_level=Eutheria
___homologue id=ENSG00000229314 source=ENSEMBLGENE genome=homo_sapiens
___homologue id=ENSDNOG00000015191 source=ENSEMBLGENE genome=dasypus_novemcinctus
desc=ortholog_many2many taxonomy_level=Eutheria
___homologue id=ENSDNOG00000017842 source=ENSEMBLGENE genome=dasypus_novemcinctus
___homologue id=ENSG00000229314 source=ENSEMBLGENE genome=homo_sapiens
desc=ortholog_many2many taxonomy_level=Eutheria
___homologue id=ENSCHOG00000010355 source=ENSEMBLGENE genome=choloepus_hoffmanni
___homologue id=ENSG00000229314 source=ENSEMBLGENE genome=homo_sapiens
desc=ortholog_many2many taxonomy_level=Eutheria
___homologue id=ENSDNOG00000038534 source=ENSEMBLGENE genome=dasypus_novemcinctus
___homologue id=ENSG00000229314 source=ENSEMBLGENE genome=homo_sapiens
desc=ortholog_one2many taxonomy_level=Theria
___homologue id=ENSMODG00000003862 source=ENSEMBLGENE genome=monodelphis_domestica
___homologue id=ENSG00000229314 source=ENSEMBLGENE genome=homo_sapiens
desc=ortholog_one2many taxonomy_level=Theria
___homologue id=ENSG00000229314 source=ENSEMBLGENE genome=homo_sapiens
___homologue id=ENSSHAG00000003219 source=ENSEMBLGENE genome=sarcophilus_harrisii
desc=ortholog_one2many taxonomy_level=Mammalia
___homologue id=ENSG00000229314 source=ENSEMBLGENE genome=homo_sapiens
___homologue id=ENSOANG00000013663 source=ENSEMBLGENE genome=ornithorhynchus_anatinus
desc=ortholog_one2many taxonomy_level=Amniota
___homologue id=ENSG00000229314 source=ENSEMBLGENE genome=homo_sapiens
___homologue id=ENSGALG00000005099 source=ENSEMBLGENE genome=gallus_gallus
desc=ortholog_one2many taxonomy_level=Amniota
___homologue id=ENSTGUG00000003499 source=ENSEMBLGENE genome=taeniopygia_guttata
___homologue id=ENSG00000229314 source=ENSEMBLGENE genome=homo_sapiens
desc=ortholog_one2many taxonomy_level=Amniota
___homologue id=ENSMGAG00000003544 source=ENSEMBLGENE genome=meleagris_gallopavo
___homologue id=ENSG00000229314 source=ENSEMBLGENE genome=homo_sapiens
desc=ortholog_one2many taxonomy_level=Amniota
___homologue id=ENSAPLG00000002600 source=ENSEMBLGENE genome=anas_platyrhynchos
___homologue id=ENSG00000229314 source=ENSEMBLGENE genome=homo_sapiens
desc=ortholog_one2many taxonomy_level=Amniota
___homologue id=ENSG00000229314 source=ENSEMBLGENE genome=homo_sapiens
___homologue id=ENSPSIG00000017695 source=ENSEMBLGENE genome=pelodiscus_sinensis
desc=ortholog_one2many taxonomy_level=Amniota
___homologue id=ENSFALG00000001295 source=ENSEMBLGENE genome=ficedula_albicollis
___homologue id=ENSG00000229314 source=ENSEMBLGENE genome=homo_sapiens
desc=ortholog_one2one taxonomy_level=Homininae
___homologue id=ENSGGOG00000001783 source=ENSEMBLGENE genome=gorilla_gorilla
___homologue id=ENSG00000086205 source=ENSEMBLGENE genome=homo_sapiens
desc=ortholog_one2one taxonomy_level=Homininae
___homologue id=ENSG00000086205 source=ENSEMBLGENE genome=homo_sapiens
___homologue id=ENSPTRG00000004159 source=ENSEMBLGENE genome=pan_troglodytes
desc=ortholog_one2one taxonomy_level=Homininae
___homologue id=ENSG00000086205 source=ENSEMBLGENE genome=homo_sapiens
___homologue id=ENSPPAG00000002813 source=ENSEMBLGENE genome=pan_paniscus
desc=ortholog_one2one taxonomy_level=Hominidae
___homologue id=ENSG00000086205 source=ENSEMBLGENE genome=homo_sapiens
___homologue id=ENSPPYG00000003757 source=ENSEMBLGENE genome=pongo_abelii
desc=ortholog_one2one taxonomy_level=Hominoidea
___homologue id=ENSNLEG00000015891 source=ENSEMBLGENE genome=nomascus_leucogenys
___homologue id=ENSG00000086205 source=ENSEMBLGENE genome=homo_sapiens
desc=ortholog_one2one taxonomy_level=Catarrhini
___homologue id=ENSG00000086205 source=ENSEMBLGENE genome=homo_sapiens
___homologue id=ENSMFAG00000044622 source=ENSEMBLGENE genome=macaca_fascicularis
desc=ortholog_one2one taxonomy_level=Catarrhini
___homologue id=ENSG00000086205 source=ENSEMBLGENE genome=homo_sapiens
___homologue id=ENSCSAG00000003592 source=ENSEMBLGENE genome=chlorocebus_sabaeus
desc=ortholog_one2one taxonomy_level=Catarrhini
___homologue id=ENSG00000086205 source=ENSEMBLGENE genome=homo_sapiens
___homologue id=ENSPANG00000034012 source=ENSEMBLGENE genome=papio_anubis
desc=ortholog_one2one taxonomy_level=Catarrhini
___homologue id=ENSG00000086205 source=ENSEMBLGENE genome=homo_sapiens
___homologue id=ENSCATG00000030078 source=ENSEMBLGENE genome=cercocebus_atys
desc=ortholog_one2one taxonomy_level=Catarrhini
___homologue id=ENSCANG00000029489 source=ENSEMBLGENE genome=colobus_angolensis_palliatus
___homologue id=ENSG00000086205 source=ENSEMBLGENE genome=homo_sapiens
desc=ortholog_one2one taxonomy_level=Catarrhini
___homologue id=ENSMLEG00000044022 source=ENSEMBLGENE genome=mandrillus_leucophaeus
___homologue id=ENSG00000086205 source=ENSEMBLGENE genome=homo_sapiens
desc=ortholog_one2one taxonomy_level=Catarrhini
___homologue id=ENSRBIG00000001069 source=ENSEMBLGENE genome=rhinopithecus_bieti
___homologue id=ENSG00000086205 source=ENSEMBLGENE genome=homo_sapiens
desc=ortholog_one2one taxonomy_level=Catarrhini
___homologue id=ENSG00000086205 source=ENSEMBLGENE genome=homo_sapiens
___homologue id=ENSRROG00000044665 source=ENSEMBLGENE genome=rhinopithecus_roxellana
desc=ortholog_one2one taxonomy_level=Catarrhini
___homologue id=ENSG00000086205 source=ENSEMBLGENE genome=homo_sapiens
___homologue id=ENSMMUG00000012596 source=ENSEMBLGENE genome=macaca_mulatta
desc=ortholog_one2one taxonomy_level=Catarrhini
___homologue id=ENSG00000086205 source=ENSEMBLGENE genome=homo_sapiens
___homologue id=ENSMNEG00000038167 source=ENSEMBLGENE genome=macaca_nemestrina
desc=ortholog_one2one taxonomy_level=Simiiformes
___homologue id=ENSG00000086205 source=ENSEMBLGENE genome=homo_sapiens
___homologue id=ENSSBOG00000030773 source=ENSEMBLGENE genome=saimiri_boliviensis_boliviensis
desc=ortholog_one2one taxonomy_level=Simiiformes
___homologue id=ENSCJAG00000000784 source=ENSEMBLGENE genome=callithrix_jacchus
___homologue id=ENSG00000086205 source=ENSEMBLGENE genome=homo_sapiens
desc=ortholog_one2one taxonomy_level=Simiiformes
___homologue id=ENSANAG00000029071 source=ENSEMBLGENE genome=aotus_nancymaae
___homologue id=ENSG00000086205 source=ENSEMBLGENE genome=homo_sapiens
desc=ortholog_one2one taxonomy_level=Simiiformes
___homologue id=ENSG00000086205 source=ENSEMBLGENE genome=homo_sapiens
___homologue id=ENSCCAG00000037073 source=ENSEMBLGENE genome=cebus_capucinus
desc=ortholog_one2one taxonomy_level=Haplorrhini
___homologue id=ENSG00000086205 source=ENSEMBLGENE genome=homo_sapiens
___homologue id=ENSTSYG00000005580 source=ENSEMBLGENE genome=carlito_syrichta
desc=ortholog_one2one taxonomy_level=Primates
___homologue id=ENSG00000086205 source=ENSEMBLGENE genome=homo_sapiens
___homologue id=ENSMICG00000017534 source=ENSEMBLGENE genome=microcebus_murinus
desc=ortholog_one2one taxonomy_level=Primates
___homologue id=ENSOGAG00000002014 source=ENSEMBLGENE genome=otolemur_garnettii
___homologue id=ENSG00000086205 source=ENSEMBLGENE genome=homo_sapiens
desc=ortholog_one2one taxonomy_level=Primates
___homologue id=ENSPCOG00000018014 source=ENSEMBLGENE genome=propithecus_coquereli
___homologue id=ENSG00000086205 source=ENSEMBLGENE genome=homo_sapiens
desc=ortholog_one2one taxonomy_level=Euarchontoglires
___homologue id=ENSOCUG00000026120 source=ENSEMBLGENE genome=oryctolagus_cuniculus
___homologue id=ENSG00000086205 source=ENSEMBLGENE genome=homo_sapiens
desc=ortholog_one2one taxonomy_level=Euarchontoglires
___homologue id=ENSSTOG00000023920 source=ENSEMBLGENE genome=ictidomys_tridecemlineatus
___homologue id=ENSG00000086205 source=ENSEMBLGENE genome=homo_sapiens
desc=ortholog_one2one taxonomy_level=Euarchontoglires
___homologue id=ENSNGAG00000012747 source=ENSEMBLGENE genome=nannospalax_galili
___homologue id=ENSG00000086205 source=ENSEMBLGENE genome=homo_sapiens
desc=ortholog_one2one taxonomy_level=Euarchontoglires
___homologue id=ENSG00000086205 source=ENSEMBLGENE genome=homo_sapiens
___homologue id=ENSMUSG00000001773 source=ENSEMBLGENE genome=mus_musculus
desc=ortholog_one2one taxonomy_level=Euarchontoglires
___homologue id=ENSCGRG00000000365 source=ENSEMBLGENE genome=cricetulus_griseus_crigri
___homologue id=ENSG00000086205 source=ENSEMBLGENE genome=homo_sapiens
desc=ortholog_one2one taxonomy_level=Euarchontoglires
___homologue id=ENSG00000086205 source=ENSEMBLGENE genome=homo_sapiens
___homologue id=ENSCAPG00000007830 source=ENSEMBLGENE genome=cavia_aperea
desc=ortholog_one2one taxonomy_level=Euarchontoglires
___homologue id=ENSG00000086205 source=ENSEMBLGENE genome=homo_sapiens
___homologue id=ENSPEMG00000022051 source=ENSEMBLGENE genome=peromyscus_maniculatus_bairdii
desc=ortholog_one2one taxonomy_level=Euarchontoglires
___homologue id=ENSCPOG00000003797 source=ENSEMBLGENE genome=cavia_porcellus
___homologue id=ENSG00000086205 source=ENSEMBLGENE genome=homo_sapiens
desc=ortholog_one2one taxonomy_level=Euarchontoglires
___homologue id=ENSODEG00000000420 source=ENSEMBLGENE genome=octodon_degus
___homologue id=ENSG00000086205 source=ENSEMBLGENE genome=homo_sapiens
desc=ortholog_one2one taxonomy_level=Euarchontoglires
___homologue id=ENSCLAG00000014594 source=ENSEMBLGENE genome=chinchilla_lanigera
___homologue id=ENSG00000086205 source=ENSEMBLGENE genome=homo_sapiens
desc=ortholog_one2one taxonomy_level=Euarchontoglires
___homologue id=ENSMOCG00000014394 source=ENSEMBLGENE genome=microtus_ochrogaster
___homologue id=ENSG00000086205 source=ENSEMBLGENE genome=homo_sapiens
desc=ortholog_one2one taxonomy_level=Euarchontoglires
___homologue id=ENSCGRG00001000536 source=ENSEMBLGENE genome=cricetulus_griseus_chok1gshd
___homologue id=ENSG00000086205 source=ENSEMBLGENE genome=homo_sapiens
desc=ortholog_one2one taxonomy_level=Euarchontoglires
___homologue id=MGP_PahariEiJ_G0013183 source=ENSEMBLGENE genome=mus_pahari
___homologue id=ENSG00000086205 source=ENSEMBLGENE genome=homo_sapiens
desc=ortholog_one2one taxonomy_level=Euarchontoglires
___homologue id=ENSG00000086205 source=ENSEMBLGENE genome=homo_sapiens
___homologue id=ENSFDAG00000016206 source=ENSEMBLGENE genome=fukomys_damarensis
desc=ortholog_one2one taxonomy_level=Euarchontoglires
___homologue id=ENSJJAG00000021601 source=ENSEMBLGENE genome=jaculus_jaculus
___homologue id=ENSG00000086205 source=ENSEMBLGENE genome=homo_sapiens
desc=ortholog_one2one taxonomy_level=Euarchontoglires
___homologue id=ENSG00000086205 source=ENSEMBLGENE genome=homo_sapiens
___homologue id=MGP_SPRETEiJ_G0031074 source=ENSEMBLGENE genome=mus_spretus_spreteij
desc=ortholog_one2one taxonomy_level=Euarchontoglires
___homologue id=ENSMAUG00000003502 source=ENSEMBLGENE genome=mesocricetus_auratus
___homologue id=ENSG00000086205 source=ENSEMBLGENE genome=homo_sapiens
desc=ortholog_one2one taxonomy_level=Euarchontoglires
___homologue id=ENSHGLG00000005991 source=ENSEMBLGENE genome=heterocephalus_glaber_female
___homologue id=ENSG00000086205 source=ENSEMBLGENE genome=homo_sapiens
desc=ortholog_one2one taxonomy_level=Euarchontoglires
___homologue id=ENSRNOG00000013770 source=ENSEMBLGENE genome=rattus_norvegicus
___homologue id=ENSG00000086205 source=ENSEMBLGENE genome=homo_sapiens
desc=ortholog_one2one taxonomy_level=Euarchontoglires
___homologue id=ENSG00000086205 source=ENSEMBLGENE genome=homo_sapiens
___homologue id=MGP_CAROLIEiJ_G0029965 source=ENSEMBLGENE genome=mus_caroli
desc=ortholog_one2one taxonomy_level=Euarchontoglires
___homologue id=ENSG00000086205 source=ENSEMBLGENE genome=homo_sapiens
___homologue id=ENSDORG00000005050 source=ENSEMBLGENE genome=dipodomys_ordii
desc=ortholog_one2one taxonomy_level=Euarchontoglires
___homologue id=ENSG00000086205 source=ENSEMBLGENE genome=homo_sapiens
___homologue id=ENSHGLG00100015160 source=ENSEMBLGENE genome=heterocephalus_glaber_male
desc=ortholog_one2one taxonomy_level=Euarchontoglires
___homologue id=ENSTBEG00000004905 source=ENSEMBLGENE genome=tupaia_belangeri
___homologue id=ENSG00000086205 source=ENSEMBLGENE genome=homo_sapiens
desc=ortholog_one2one taxonomy_level=Boreoeutheria
___homologue id=ENSG00000086205 source=ENSEMBLGENE genome=homo_sapiens
___homologue id=ENSFCAG00000007740 source=ENSEMBLGENE genome=felis_catus
desc=ortholog_one2one taxonomy_level=Boreoeutheria
___homologue id=ENSBTAG00000007397 source=ENSEMBLGENE genome=bos_taurus
___homologue id=ENSG00000086205 source=ENSEMBLGENE genome=homo_sapiens
desc=ortholog_one2one taxonomy_level=Boreoeutheria
___homologue id=ENSVPAG00000011316 source=ENSEMBLGENE genome=vicugna_pacos
___homologue id=ENSG00000086205 source=ENSEMBLGENE genome=homo_sapiens
desc=ortholog_one2one taxonomy_level=Boreoeutheria
___homologue id=ENSG00000086205 source=ENSEMBLGENE genome=homo_sapiens
___homologue id=ENSMPUG00000010390 source=ENSEMBLGENE genome=mustela_putorius_furo
desc=ortholog_one2one taxonomy_level=Boreoeutheria
___homologue id=ENSPVAG00000006268 source=ENSEMBLGENE genome=pteropus_vampyrus
___homologue id=ENSG00000086205 source=ENSEMBLGENE genome=homo_sapiens
desc=ortholog_one2one taxonomy_level=Boreoeutheria
___homologue id=ENSG00000086205 source=ENSEMBLGENE genome=homo_sapiens
___homologue id=ENSOARG00000003775 source=ENSEMBLGENE genome=ovis_aries
desc=ortholog_one2one taxonomy_level=Boreoeutheria
___homologue id=ENSAMEG00000005259 source=ENSEMBLGENE genome=ailuropoda_melanoleuca
___homologue id=ENSG00000086205 source=ENSEMBLGENE genome=homo_sapiens
desc=ortholog_one2one taxonomy_level=Boreoeutheria
___homologue id=ENSSARG00000011192 source=ENSEMBLGENE genome=sorex_araneus
___homologue id=ENSG00000086205 source=ENSEMBLGENE genome=homo_sapiens
desc=ortholog_one2one taxonomy_level=Boreoeutheria
___homologue id=ENSSSCG00000027093 source=ENSEMBLGENE genome=sus_scrofa
___homologue id=ENSG00000086205 source=ENSEMBLGENE genome=homo_sapiens
desc=ortholog_one2one taxonomy_level=Boreoeutheria
___homologue id=ENSG00000086205 source=ENSEMBLGENE genome=homo_sapiens
___homologue id=ENSCAFG00000024888 source=ENSEMBLGENE genome=canis_familiaris
desc=ortholog_one2one taxonomy_level=Boreoeutheria
___homologue id=ENSG00000086205 source=ENSEMBLGENE genome=homo_sapiens
___homologue id=ENSECAG00000022737 source=ENSEMBLGENE genome=equus_caballus
desc=ortholog_one2one taxonomy_level=Boreoeutheria
___homologue id=ENSG00000086205 source=ENSEMBLGENE genome=homo_sapiens
___homologue id=ENSTTRG00000004910 source=ENSEMBLGENE genome=tursiops_truncatus
desc=ortholog_one2one taxonomy_level=Boreoeutheria
___homologue id=ENSG00000086205 source=ENSEMBLGENE genome=homo_sapiens
___homologue id=ENSMLUG00000008308 source=ENSEMBLGENE genome=myotis_lucifugus
desc=ortholog_one2one taxonomy_level=Eutheria
___homologue id=ENSG00000086205 source=ENSEMBLGENE genome=homo_sapiens
___homologue id=ENSLAFG00000010953 source=ENSEMBLGENE genome=loxodonta_africana
desc=ortholog_one2one taxonomy_level=Eutheria
___homologue id=ENSPCAG00000009634 source=ENSEMBLGENE genome=procavia_capensis
___homologue id=ENSG00000086205 source=ENSEMBLGENE genome=homo_sapiens
desc=ortholog_one2one taxonomy_level=Eutheria
___homologue id=ENSG00000086205 source=ENSEMBLGENE genome=homo_sapiens
___homologue id=ENSDNOG00000038875 source=ENSEMBLGENE genome=dasypus_novemcinctus
desc=ortholog_one2one taxonomy_level=Eutheria
___homologue id=ENSCHOG00000000280 source=ENSEMBLGENE genome=choloepus_hoffmanni
___homologue id=ENSG00000086205 source=ENSEMBLGENE genome=homo_sapiens
desc=ortholog_one2one taxonomy_level=Theria
___homologue id=ENSSHAG00000002531 source=ENSEMBLGENE genome=sarcophilus_harrisii
___homologue id=ENSG00000086205 source=ENSEMBLGENE genome=homo_sapiens
desc=ortholog_one2many taxonomy_level=Theria
___homologue id=ENSG00000086205 source=ENSEMBLGENE genome=homo_sapiens
___homologue id=ENSMEUG00000010000 source=ENSEMBLGENE genome=notamacropus_eugenii
desc=ortholog_one2one taxonomy_level=Theria
___homologue id=ENSMODG00000002667 source=ENSEMBLGENE genome=monodelphis_domestica
___homologue id=ENSG00000086205 source=ENSEMBLGENE genome=homo_sapiens
desc=ortholog_one2many taxonomy_level=Theria
___homologue id=ENSMEUG00000016417 source=ENSEMBLGENE genome=notamacropus_eugenii
___homologue id=ENSG00000086205 source=ENSEMBLGENE genome=homo_sapiens
desc=ortholog_one2one taxonomy_level=Mammalia
___homologue id=ENSG00000086205 source=ENSEMBLGENE genome=homo_sapiens
___homologue id=ENSOANG00000004606 source=ENSEMBLGENE genome=ornithorhynchus_anatinus
desc=ortholog_one2one taxonomy_level=Amniota
___homologue id=ENSFALG00000007887 source=ENSEMBLGENE genome=ficedula_albicollis
___homologue id=ENSG00000086205 source=ENSEMBLGENE genome=homo_sapiens
desc=ortholog_one2one taxonomy_level=Amniota
___homologue id=ENSG00000086205 source=ENSEMBLGENE genome=homo_sapiens
___homologue id=ENSACAG00000014644 source=ENSEMBLGENE genome=anolis_carolinensis
desc=ortholog_one2one taxonomy_level=Amniota
___homologue id=ENSG00000086205 source=ENSEMBLGENE genome=homo_sapiens
___homologue id=ENSGALG00000017234 source=ENSEMBLGENE genome=gallus_gallus
desc=ortholog_one2one taxonomy_level=Amniota
___homologue id=ENSAPLG00000012440 source=ENSEMBLGENE genome=anas_platyrhynchos
___homologue id=ENSG00000086205 source=ENSEMBLGENE genome=homo_sapiens
desc=ortholog_one2many taxonomy_level=Amniota
___homologue id=ENSG00000086205 source=ENSEMBLGENE genome=homo_sapiens
___homologue id=ENSMGAG00000015218 source=ENSEMBLGENE genome=meleagris_gallopavo
desc=ortholog_one2many taxonomy_level=Amniota
___homologue id=ENSMGAG00000017364 source=ENSEMBLGENE genome=meleagris_gallopavo
___homologue id=ENSG00000086205 source=ENSEMBLGENE genome=homo_sapiens
desc=ortholog_one2one taxonomy_level=Amniota
___homologue id=ENSPSIG00000017747 source=ENSEMBLGENE genome=pelodiscus_sinensis
___homologue id=ENSG00000086205 source=ENSEMBLGENE genome=homo_sapiens
desc=ortholog_one2many taxonomy_level=Amniota
___homologue id=ENSG00000086205 source=ENSEMBLGENE genome=homo_sapiens
___homologue id=ENSTGUG00000013653 source=ENSEMBLGENE genome=taeniopygia_guttata
desc=ortholog_one2many taxonomy_level=Amniota
___homologue id=ENSG00000086205 source=ENSEMBLGENE genome=homo_sapiens
___homologue id=ENSTGUG00000012884 source=ENSEMBLGENE genome=taeniopygia_guttata
desc=ortholog_one2one taxonomy_level=Tetrapoda
___homologue id=ENSG00000086205 source=ENSEMBLGENE genome=homo_sapiens
___homologue id=ENSXETG00000033542 source=ENSEMBLGENE genome=xenopus_tropicalis
desc=within_species_paralog taxonomy_level=Tetrapoda
___homologue id=ENSG00000077616 source=ENSEMBLGENE genome=homo_sapiens
___homologue id=ENSG00000086205 source=ENSEMBLGENE genome=homo_sapiens
desc=ortholog_one2many taxonomy_level=Sarcopterygii
___homologue id=ENSG00000086205 source=ENSEMBLGENE genome=homo_sapiens
___homologue id=ENSLACG00000012437 source=ENSEMBLGENE genome=latimeria_chalumnae
desc=ortholog_one2many taxonomy_level=Euteleostomi
___homologue id=ENSGMOG00000004181 source=ENSEMBLGENE genome=gadus_morhua
___homologue id=ENSG00000086205 source=ENSEMBLGENE genome=homo_sapiens
desc=ortholog_many2many taxonomy_level=Euteleostomi
___homologue id=ENSTNIG00000002171 source=ENSEMBLGENE genome=tetraodon_nigroviridis
___homologue id=ENSG00000086205 source=ENSEMBLGENE genome=homo_sapiens
desc=ortholog_one2many taxonomy_level=Euteleostomi
___homologue id=ENSG00000086205 source=ENSEMBLGENE genome=homo_sapiens
___homologue id=ENSORLG00000011078 source=ENSEMBLGENE genome=oryzias_latipes
desc=ortholog_one2many taxonomy_level=Euteleostomi
___homologue id=ENSG00000086205 source=ENSEMBLGENE genome=homo_sapiens
___homologue id=ENSPFOG00000007722 source=ENSEMBLGENE genome=poecilia_formosa
desc=ortholog_one2many taxonomy_level=Euteleostomi
___homologue id=ENSG00000086205 source=ENSEMBLGENE genome=homo_sapiens
___homologue id=ENSDARG00000021383 source=ENSEMBLGENE genome=danio_rerio
desc=ortholog_one2many taxonomy_level=Euteleostomi
___homologue id=ENSG00000086205 source=ENSEMBLGENE genome=homo_sapiens
___homologue id=ENSGACG00000007887 source=ENSEMBLGENE genome=gasterosteus_aculeatus
desc=ortholog_one2many taxonomy_level=Euteleostomi
___homologue id=ENSG00000086205 source=ENSEMBLGENE genome=homo_sapiens
___homologue id=ENSTRUG00000008489 source=ENSEMBLGENE genome=takifugu_rubripes
desc=ortholog_one2many taxonomy_level=Euteleostomi
___homologue id=ENSLOCG00000007231 source=ENSEMBLGENE genome=lepisosteus_oculatus
___homologue id=ENSG00000086205 source=ENSEMBLGENE genome=homo_sapiens
desc=ortholog_one2many taxonomy_level=Euteleostomi
___homologue id=ENSXMAG00000011164 source=ENSEMBLGENE genome=xiphophorus_maculatus
___homologue id=ENSG00000086205 source=ENSEMBLGENE genome=homo_sapiens
desc=ortholog_many2many taxonomy_level=Euteleostomi
___homologue id=ENSG00000086205 source=ENSEMBLGENE genome=homo_sapiens
___homologue id=ENSTNIG00000019523 source=ENSEMBLGENE genome=tetraodon_nigroviridis
desc=ortholog_one2many taxonomy_level=Euteleostomi
___homologue id=ENSG00000086205 source=ENSEMBLGENE genome=homo_sapiens
___homologue id=ENSONIG00000005154 source=ENSEMBLGENE genome=oreochromis_niloticus
desc=ortholog_one2many taxonomy_level=Euteleostomi
___homologue id=ENSAMXG00000003867 source=ENSEMBLGENE genome=astyanax_mexicanus
___homologue id=ENSG00000086205 source=ENSEMBLGENE genome=homo_sapiens
desc=ortholog_many2many taxonomy_level=Chordata
___homologue id=ENSCING00000021112 source=ENSEMBLGENE genome=ciona_intestinalis
___homologue id=ENSG00000086205 source=ENSEMBLGENE genome=homo_sapiens
desc=ortholog_many2many taxonomy_level=Chordata
___homologue id=ENSG00000086205 source=ENSEMBLGENE genome=homo_sapiens
___homologue id=ENSCSAVG00000001477 source=ENSEMBLGENE genome=ciona_savignyi
desc=ortholog_many2many taxonomy_level=Chordata
___homologue id=ENSG00000086205 source=ENSEMBLGENE genome=homo_sapiens
___homologue id=ENSCSAVG00000006759 source=ENSEMBLGENE genome=ciona_savignyi
desc=ortholog_many2many taxonomy_level=Chordata
___homologue id=ENSG00000086205 source=ENSEMBLGENE genome=homo_sapiens
___homologue id=ENSCSAVG00000006975 source=ENSEMBLGENE genome=ciona_savignyi
desc=ortholog_many2many taxonomy_level=Chordata
___homologue id=ENSG00000086205 source=ENSEMBLGENE genome=homo_sapiens
___homologue id=ENSCSAVG00000006525 source=ENSEMBLGENE genome=ciona_savignyi
desc=ortholog_many2many taxonomy_level=Chordata
___homologue id=ENSCING00000007174 source=ENSEMBLGENE genome=ciona_intestinalis
___homologue id=ENSG00000086205 source=ENSEMBLGENE genome=homo_sapiens
desc=within_species_paralog taxonomy_level=Chordata
___homologue id=ENSG00000168060 source=ENSEMBLGENE genome=homo_sapiens
___homologue id=ENSG00000086205 source=ENSEMBLGENE genome=homo_sapiens
desc=ortholog_many2many taxonomy_level=Bilateria
___homologue id=WBGene00044121 source=ENSEMBLGENE genome=caenorhabditis_elegans
___homologue id=ENSG00000086205 source=ENSEMBLGENE genome=homo_sapiens
desc=ortholog_many2many taxonomy_level=Bilateria
___homologue id=WBGene00007954 source=ENSEMBLGENE genome=caenorhabditis_elegans
___homologue id=ENSG00000086205 source=ENSEMBLGENE genome=homo_sapiens
desc=ortholog_many2many taxonomy_level=Bilateria
___homologue id=ENSG00000086205 source=ENSEMBLGENE genome=homo_sapiens
___homologue id=WBGene00020082 source=ENSEMBLGENE genome=caenorhabditis_elegans
desc=within_species_paralog taxonomy_level=Bilateria
___homologue id=ENSG00000106327 source=ENSEMBLGENE genome=homo_sapiens
___homologue id=ENSG00000086205 source=ENSEMBLGENE genome=homo_sapiens
desc=within_species_paralog taxonomy_level=Bilateria
___homologue id=ENSG00000177694 source=ENSEMBLGENE genome=homo_sapiens
___homologue id=ENSG00000086205 source=ENSEMBLGENE genome=homo_sapiens
desc=within_species_paralog taxonomy_level=Bilateria
___homologue id=ENSG00000072274 source=ENSEMBLGENE genome=homo_sapiens
___homologue id=ENSG00000086205 source=ENSEMBLGENE genome=homo_sapiens
desc=ortholog_one2many taxonomy_level=Opisthokonta
___homologue id=ENSG00000086205 source=ENSEMBLGENE genome=homo_sapiens
___homologue id=YJR126C source=ENSEMBLGENE genome=saccharomyces_cerevisiae
